<?xml version="1.0" encoding="UTF-8"?>
<!-- Generated by org.testng.reporters.JUnitReportReporter -->
<testsuite hostname="LAPTOP-VTO18SLS" failures="0" tests="1" name="calulator.revenue.fitpeo.FitpeoRevenueCalculator" time="7.912" errors="0" timestamp="2024-08-03T23:27:41 IST" skipped="0">
  <testcase classname="calulator.revenue.fitpeo.FitpeoRevenueCalculator" name="testRevenueCalculator" time="7.912"/>
  <system-out/>
</testsuite> <!-- calulator.revenue.fitpeo.FitpeoRevenueCalculator -->
